<?xml version="1.0" encoding="UTF-8"?>
<testsuite xmlns:xsi="http://www.w3.org/2001/XMLSchema-instance" xsi:noNamespaceSchemaLocation="https://maven.apache.org/surefire/maven-surefire-plugin/xsd/surefire-test-report-3.0.xsd" version="3.0" name="com.jawher.pfe.TowerSimApplicationTests" time="5.729" tests="1" errors="0" skipped="0" failures="0">
  <properties>
[...]
</properties>
  <testcase name="contextLoads" classname="com.jawher.pfe.TowerSimApplicationTests" time="1.127">
    <system-out><![CDATA[04:24:52.709 [main] INFO org.springframework.test.context.support.AnnotationConfigContextLoaderUtils -- Could not detect default configuration classes for test class [com.jawher.pfe.TowerSimApplicationTests]: TowerSimApplicationTests does not declare any static, non-private, non-final, nested classes annotated with @Configuration.
04:24:52.869 [main] INFO org.springframework.boot.test.context.SpringBootTestContextBootstrapper -- Found @SpringBootConfiguration com.jawher.pfe.TowerSimApplication for test class com.jawher.pfe.TowerSimApplicationTests

  .   ____          _            __ _ _
 /\\ / ___'_ __ _ _(_)_ __  __ _ \ \ \ \
( ( )\___ | '_ | '_| | '_ \/ _` | \ \ \ \
 \\/  ___)| |_)| | | | | || (_| |  ) ) ) )
  '  |____| .__|_| |_|_| |_\__, | / / / /
 =========|_|==============|___/=/_/_/_/
 :: Spring Boot ::                (v3.1.3)

2024-02-29T04:24:53.485+01:00  INFO 8544 --- [           main] c.jawher.pfe.TowerSimApplicationTests    : Starting TowerSimApplicationTests using Java 17.0.1 with PID 8544 (started by jawhe in C:\Users\jawhe\Documents\workspace-spring-tool-suite-4-4.13.0.RELEASE\TowerSim)
2024-02-29T04:24:53.487+01:00  INFO 8544 --- [           main] c.jawher.pfe.TowerSimApplicationTests    : No active profile set, falling back to 1 default profile: "default"
2024-02-29T04:24:54.396+01:00  INFO 8544 --- [           main] .s.d.r.c.RepositoryConfigurationDelegate : Bootstrapping Spring Data MongoDB repositories in DEFAULT mode.
2024-02-29T04:24:54.488+01:00  INFO 8544 --- [           main] .s.d.r.c.RepositoryConfigurationDelegate : Finished Spring Data repository scanning in 86 ms. Found 6 MongoDB repository interfaces.
2024-02-29T04:24:55.275+01:00  INFO 8544 --- [           main] org.mongodb.driver.client                : MongoClient with metadata {"driver": {"name": "mongo-java-driver|sync|spring-boot", "version": "4.9.1"}, "os": {"type": "Windows", "name": "Windows 10", "architecture": "amd64", "version": "10.0"}, "platform": "Java/Eclipse Adoptium/17.0.1+12"} created with settings MongoClientSettings{readPreference=primary, writeConcern=WriteConcern{w=null, wTimeout=null ms, journal=null}, retryWrites=true, retryReads=true, readConcern=ReadConcern{level=null}, credential=null, streamFactoryFactory=null, commandListeners=[], codecRegistry=ProvidersCodecRegistry{codecProviders=[ValueCodecProvider{}, BsonValueCodecProvider{}, DBRefCodecProvider{}, DBObjectCodecProvider{}, DocumentCodecProvider{}, CollectionCodecProvider{}, IterableCodecProvider{}, MapCodecProvider{}, GeoJsonCodecProvider{}, GridFSFileCodecProvider{}, Jsr310CodecProvider{}, JsonObjectCodecProvider{}, BsonCodecProvider{}, EnumCodecProvider{}, com.mongodb.client.model.mql.ExpressionCodecProvider@7b222230, com.mongodb.Jep395RecordCodecProvider@364b1061]}, loggerSettings=LoggerSettings{maxDocumentLength=1000}, clusterSettings={hosts=[localhost:27017], srvServiceName=mongodb, mode=SINGLE, requiredClusterType=UNKNOWN, requiredReplicaSetName='null', serverSelector='null', clusterListeners='[]', serverSelectionTimeout='30000 ms', localThreshold='30000 ms'}, socketSettings=SocketSettings{connectTimeoutMS=10000, readTimeoutMS=0, receiveBufferSize=0, sendBufferSize=0}, heartbeatSocketSettings=SocketSettings{connectTimeoutMS=10000, readTimeoutMS=10000, receiveBufferSize=0, sendBufferSize=0}, connectionPoolSettings=ConnectionPoolSettings{maxSize=100, minSize=0, maxWaitTimeMS=120000, maxConnectionLifeTimeMS=0, maxConnectionIdleTimeMS=0, maintenanceInitialDelayMS=0, maintenanceFrequencyMS=60000, connectionPoolListeners=[], maxConnecting=2}, serverSettings=ServerSettings{heartbeatFrequencyMS=10000, minHeartbeatFrequencyMS=500, serverListeners='[]', serverMonitorListeners='[]'}, sslSettings=SslSettings{enabled=false, invalidHostNameAllowed=false, context=null}, applicationName='null', compressorList=[], uuidRepresentation=JAVA_LEGACY, serverApi=null, autoEncryptionSettings=null, contextProvider=null}
2024-02-29T04:24:55.328+01:00  INFO 8544 --- [localhost:27017] org.mongodb.driver.cluster               : Monitor thread successfully connected to server with description ServerDescription{address=localhost:27017, type=STANDALONE, state=CONNECTED, ok=true, minWireVersion=0, maxWireVersion=7, maxDocumentSize=16777216, logicalSessionTimeoutMinutes=30, roundTripTimeNanos=26869000}
2024-02-29T04:24:56.208+01:00  INFO 8544 --- [           main] o.s.s.web.DefaultSecurityFilterChain     : Will secure any request with [org.springframework.security.web.session.DisableEncodeUrlFilter@b55f5b7, org.springframework.security.web.context.request.async.WebAsyncManagerIntegrationFilter@2aa6bbad, org.springframework.security.web.context.SecurityContextHolderFilter@3686389, org.springframework.security.web.header.HeaderWriterFilter@6136e1fc, org.springframework.security.web.authentication.logout.LogoutFilter@5908e6d6, com.jawher.pfe.security.jwt.AuthTokenFilter@6b2ef50e, org.springframework.security.web.savedrequest.RequestCacheAwareFilter@4228f269, org.springframework.security.web.servletapi.SecurityContextHolderAwareRequestFilter@376b5cb2, org.springframework.security.web.authentication.AnonymousAuthenticationFilter@6f867b0c, org.springframework.security.web.session.SessionManagementFilter@4cd7d5e1, org.springframework.security.web.access.ExceptionTranslationFilter@5cdf221a, org.springframework.security.web.access.intercept.AuthorizationFilter@4afd65fd]
2024-02-29T04:24:57.018+01:00  INFO 8544 --- [           main] o.s.m.s.b.SimpleBrokerMessageHandler     : Starting...
2024-02-29T04:24:57.020+01:00  INFO 8544 --- [           main] o.s.m.s.b.SimpleBrokerMessageHandler     : BrokerAvailabilityEvent[available=true, SimpleBrokerMessageHandler [org.springframework.messaging.simp.broker.DefaultSubscriptionRegistry@6d35ff7b]]
2024-02-29T04:24:57.021+01:00  INFO 8544 --- [           main] o.s.m.s.b.SimpleBrokerMessageHandler     : Started.
2024-02-29T04:24:57.028+01:00  INFO 8544 --- [           main] c.jawher.pfe.TowerSimApplicationTests    : Started TowerSimApplicationTests in 3.917 seconds (process running for 5.773)
]]></system-out>
  </testcase>
</testsuite>